[2020-03-31T15:23:00.226] [DEBUG] cheese - login => username:张三,password:123456
[2020-03-31T15:23:00.226] [DEBUG] cheese - 张三
[2020-03-31T15:23:00.234] [DEBUG] cheese - null
[2020-03-31T15:23:00.234] [DEBUG] cheese - null
[2020-03-31T15:23:08.088] [DEBUG] cheese - login => username:zs,password:123456
[2020-03-31T15:23:08.088] [DEBUG] cheese - zs
[2020-03-31T15:23:08.091] [DEBUG] cheese - null
[2020-03-31T15:23:08.091] [DEBUG] cheese - null
[2020-03-31T15:23:08.827] [DEBUG] cheese - login => username:zs,password:123456
[2020-03-31T15:23:08.827] [DEBUG] cheese - zs
[2020-03-31T15:23:08.829] [DEBUG] cheese - null
[2020-03-31T15:23:08.829] [DEBUG] cheese - null
[2020-03-31T15:23:27.848] [DEBUG] cheese - login => username:zs,password:123456
[2020-03-31T15:23:27.848] [DEBUG] cheese - zs
[2020-03-31T15:23:27.850] [DEBUG] cheese - null
[2020-03-31T15:23:27.850] [DEBUG] cheese - null
[2020-03-31T15:23:53.794] [DEBUG] cheese - login => username:admin,password:123456
[2020-03-31T15:23:53.794] [DEBUG] cheese - admin
[2020-03-31T15:23:53.797] [DEBUG] cheese - null
[2020-03-31T15:23:53.797] [DEBUG] cheese - null
[2020-03-31T21:04:34.591] [DEBUG] cheese - login => username:admin,password:123456
[2020-03-31T21:04:34.592] [DEBUG] cheese - admin
[2020-03-31T21:04:34.602] [DEBUG] cheese - null
[2020-03-31T21:04:34.602] [DEBUG] cheese - null
[2020-03-31T21:06:15.410] [DEBUG] cheese - login => username:admin,password:admin1
[2020-03-31T21:06:15.410] [DEBUG] cheese - admin
[2020-03-31T21:06:15.413] [DEBUG] cheese - null
[2020-03-31T21:06:15.413] [DEBUG] cheese - null
[2020-03-31T21:15:22.384] [DEBUG] cheese - login => username:admin,password:admin
[2020-03-31T21:15:22.384] [DEBUG] cheese - admin
[2020-03-31T21:15:22.386] [DEBUG] cheese - null
[2020-03-31T21:15:22.386] [DEBUG] cheese - null
[2020-03-31T21:15:38.385] [DEBUG] cheese - login => username:admin,password:123456
[2020-03-31T21:15:38.385] [DEBUG] cheese - admin
[2020-03-31T21:15:38.387] [DEBUG] cheese - null
[2020-03-31T21:15:38.387] [DEBUG] cheese - null
[2020-03-31T21:16:34.158] [DEBUG] cheese - login => username:admin,password:123456
[2020-03-31T21:16:34.158] [DEBUG] cheese - admin
[2020-03-31T21:16:34.159] [DEBUG] cheese - null
[2020-03-31T21:16:34.159] [DEBUG] cheese - null
[2020-03-31T21:17:59.949] [DEBUG] cheese - login => username:admin,password:admin
[2020-03-31T21:17:59.949] [DEBUG] cheese - admin
[2020-03-31T21:17:59.950] [DEBUG] cheese - null
[2020-03-31T21:17:59.950] [DEBUG] cheese - null
[2020-03-31T21:18:05.489] [DEBUG] cheese - login => username:admin,password:123456
[2020-03-31T21:18:05.489] [DEBUG] cheese - admin
[2020-03-31T21:18:05.491] [DEBUG] cheese - null
[2020-03-31T21:18:05.491] [DEBUG] cheese - null
[2020-03-31T21:26:25.103] [DEBUG] cheese - login => username:admin,password:123456
[2020-03-31T21:26:25.103] [DEBUG] cheese - admin
[2020-03-31T21:26:25.105] [DEBUG] cheese - null
[2020-03-31T21:26:25.105] [DEBUG] cheese - null
[2020-03-31T21:26:59.259] [DEBUG] cheese - login => username:admin,password:123456
[2020-03-31T21:26:59.259] [DEBUG] cheese - admin
[2020-03-31T21:26:59.260] [DEBUG] cheese - null
[2020-03-31T21:26:59.260] [DEBUG] cheese - null
[2020-04-01T09:32:48.827] [DEBUG] cheese - login => username:admin,password:123456
[2020-04-01T09:32:48.827] [DEBUG] cheese - admin
[2020-04-01T09:32:48.830] [DEBUG] cheese - null
[2020-04-01T09:32:48.831] [DEBUG] cheese - null
[2020-04-01T09:37:55.489] [DEBUG] cheese - login => username:admin,password:123456
[2020-04-01T09:37:55.489] [DEBUG] cheese - admin
[2020-04-01T09:37:55.491] [DEBUG] cheese - null
[2020-04-01T09:37:55.491] [DEBUG] cheese - null
[2020-04-01T09:38:11.691] [DEBUG] cheese - login => username:admin,password:123456
[2020-04-01T09:38:11.691] [DEBUG] cheese - admin
[2020-04-01T09:38:11.692] [DEBUG] cheese - null
[2020-04-01T09:38:11.692] [DEBUG] cheese - null
[2020-04-01T09:39:39.078] [DEBUG] cheese - login => username:admin,password:123456
[2020-04-01T09:39:39.078] [DEBUG] cheese - admin
[2020-04-01T09:39:39.080] [DEBUG] cheese - null
[2020-04-01T09:39:39.080] [DEBUG] cheese - null
[2020-04-01T09:42:06.903] [DEBUG] cheese - login => username:admin,password:123456
[2020-04-01T09:42:06.903] [DEBUG] cheese - admin
[2020-04-01T09:42:06.905] [DEBUG] cheese - null
[2020-04-01T09:42:06.905] [DEBUG] cheese - null
[2020-04-01T09:42:16.022] [DEBUG] cheese - login => username:admin,password:123456
[2020-04-01T09:42:16.022] [DEBUG] cheese - admin
[2020-04-01T09:42:16.024] [DEBUG] cheese - null
[2020-04-01T09:42:16.024] [DEBUG] cheese - null
[2020-04-01T10:27:18.922] [DEBUG] cheese - login => username:admin,password:123456
[2020-04-01T10:27:18.922] [DEBUG] cheese - admin
[2020-04-01T10:27:18.924] [DEBUG] cheese - null
[2020-04-01T10:27:18.924] [DEBUG] cheese - null
[2020-04-01T10:28:42.218] [DEBUG] cheese - login => username:admin,password:123456
[2020-04-01T10:28:42.218] [DEBUG] cheese - admin
[2020-04-01T10:28:42.219] [DEBUG] cheese - null
[2020-04-01T10:28:42.219] [DEBUG] cheese - null
[2020-04-01T10:52:31.654] [DEBUG] cheese - login => username:admin,password:123456
[2020-04-01T10:52:31.654] [DEBUG] cheese - admin
[2020-04-01T10:52:31.657] [DEBUG] cheese - null
[2020-04-01T10:52:31.657] [DEBUG] cheese - null
[2020-04-01T15:09:16.701] [DEBUG] cheese - login => username:admin,password:123456
[2020-04-01T15:09:16.701] [DEBUG] cheese - admin
[2020-04-01T15:09:16.708] [DEBUG] cheese - null
[2020-04-01T15:09:16.708] [DEBUG] cheese - null
[2020-04-01T15:10:22.836] [DEBUG] cheese - login => username:admin,password:123456
[2020-04-01T15:10:22.836] [DEBUG] cheese - admin
[2020-04-01T15:10:22.839] [DEBUG] cheese - null
[2020-04-01T15:10:22.840] [DEBUG] cheese - null
[2020-04-01T15:11:13.770] [DEBUG] cheese - login => username:admin,password:123456
[2020-04-01T15:11:13.770] [DEBUG] cheese - admin
[2020-04-01T15:11:13.771] [DEBUG] cheese - null
[2020-04-01T15:11:13.771] [DEBUG] cheese - null
[2020-04-01T15:35:20.063] [DEBUG] cheese - login => username:admin,password:123456
[2020-04-01T15:35:20.063] [DEBUG] cheese - admin
[2020-04-01T15:35:20.065] [DEBUG] cheese - null
[2020-04-01T15:35:20.066] [DEBUG] cheese - null
[2020-04-02T10:11:26.850] [DEBUG] cheese - login => username:admin,password:123456
[2020-04-02T10:11:26.851] [DEBUG] cheese - admin
[2020-04-02T10:11:26.903] [DEBUG] cheese - null
[2020-04-02T10:11:26.903] [DEBUG] cheese - null
[2020-04-02T11:21:39.549] [DEBUG] cheese - login => username:admin,password:123456
[2020-04-02T11:21:39.550] [DEBUG] cheese - admin
[2020-04-02T11:21:39.554] [DEBUG] cheese - null
[2020-04-02T11:21:39.554] [DEBUG] cheese - null
[2020-04-02T13:22:51.701] [DEBUG] cheese - login => username:admin,password:123456
[2020-04-02T13:22:51.701] [DEBUG] cheese - admin
[2020-04-02T13:22:51.704] [DEBUG] cheese - null
[2020-04-02T13:22:51.704] [DEBUG] cheese - null
[2020-04-02T20:56:32.907] [DEBUG] cheese - login => username:admin,password:123456
[2020-04-02T20:56:32.907] [DEBUG] cheese - admin
[2020-04-02T20:56:32.910] [DEBUG] cheese - null
[2020-04-02T20:56:32.910] [DEBUG] cheese - null
[2020-04-03T10:17:25.130] [DEBUG] cheese - login => username:admin,password:123456
[2020-04-03T10:17:25.130] [DEBUG] cheese - admin
[2020-04-03T10:17:25.132] [DEBUG] cheese - null
[2020-04-03T10:17:25.132] [DEBUG] cheese - null
[2020-04-03T10:28:42.676] [DEBUG] cheese - login => username:admin,password:123456
[2020-04-03T10:28:42.676] [DEBUG] cheese - admin
[2020-04-03T10:28:42.677] [DEBUG] cheese - null
[2020-04-03T10:28:42.677] [DEBUG] cheese - null
[2020-04-03T16:35:52.721] [DEBUG] cheese - login => username:admin,password:123456
[2020-04-03T16:35:52.721] [DEBUG] cheese - admin
[2020-04-03T16:35:52.727] [DEBUG] cheese - null
[2020-04-03T16:35:52.729] [DEBUG] cheese - null
[2020-04-03T17:02:13.792] [DEBUG] cheese - login => username:admin,password:123456
[2020-04-03T17:02:13.793] [DEBUG] cheese - admin
[2020-04-03T17:02:13.795] [DEBUG] cheese - null
[2020-04-03T17:02:13.796] [DEBUG] cheese - null
[2020-04-07T09:58:12.332] [DEBUG] cheese - login => username:admin,password:123456
[2020-04-07T09:58:12.333] [DEBUG] cheese - admin
[2020-04-07T09:58:12.405] [DEBUG] cheese - null
[2020-04-07T09:58:12.405] [DEBUG] cheese - null
[2020-04-12T16:50:05.962] [DEBUG] cheese - login => username:admin,password:123456
[2020-04-12T16:50:05.963] [DEBUG] cheese - admin
[2020-04-12T16:50:05.975] [DEBUG] cheese - null
[2020-04-12T16:50:05.976] [DEBUG] cheese - null
[2020-04-12T21:31:16.615] [DEBUG] cheese - login => username:admin,password:123456
[2020-04-12T21:31:16.616] [DEBUG] cheese - admin
[2020-04-12T21:31:16.624] [DEBUG] cheese - null
[2020-04-12T21:31:16.625] [DEBUG] cheese - null
[2020-04-13T14:35:45.073] [DEBUG] cheese - login => username:admin,password:123456
[2020-04-13T14:35:45.074] [DEBUG] cheese - admin
[2020-04-13T14:35:45.132] [DEBUG] cheese - null
[2020-04-13T14:35:45.132] [DEBUG] cheese - null
[2020-04-13T14:47:22.886] [DEBUG] cheese - login => username:admin,password:123456
[2020-04-13T14:47:22.886] [DEBUG] cheese - admin
[2020-04-13T14:47:22.899] [DEBUG] cheese - null
[2020-04-13T14:47:22.899] [DEBUG] cheese - null
[2020-04-14T16:34:26.429] [DEBUG] cheese - login => username:admin,password:123456
[2020-04-14T16:34:26.430] [DEBUG] cheese - admin
[2020-04-14T16:34:26.433] [DEBUG] cheese - null
[2020-04-14T16:34:26.433] [DEBUG] cheese - null
